{"time":"2022-09-13T15:53:43.595Z","a":"USDC","b":"WETH","price":{"v2":{"a":0.000628086,"b":1592.14},"v3":{"a":0.000628091,"b":1592.13}},"diff":{"a":-4.999999999970306e-9,"b":0.009999999999990905}}
{"time":"2022-09-13T15:53:44.081Z","a":"USDC","b":"WETH","price":{"v2":{"a":0.000628086,"b":1592.14},"v3":{"a":0.000628091,"b":1592.13}},"diff":{"a":-4.999999999970306e-9,"b":0.009999999999990905}}
{"time":"2022-09-13T15:53:44.905Z","a":"USDC","b":"WETH","price":{"v2":{"a":0.000628086,"b":1592.14},"v3":{"a":0.000627759,"b":1592.97}},"diff":{"a":3.2700000000005294e-7,"b":-0.8299999999999272}}
{"time":"2022-09-13T15:53:45.682Z","a":"USDC","b":"WETH","price":{"v2":{"a":0.000628086,"b":1592.14},"v3":{"a":0.000627759,"b":1592.97}},"diff":{"a":3.2700000000005294e-7,"b":-0.8299999999999272}}
{"time":"2022-09-13T15:53:45.969Z","a":"WETH","b":"USDT","price":{"v2":{"a":1592.67,"b":0.000627875},"v3":{"a":1593.3,"b":0.000627627}},"diff":{"a":-0.6299999999998818,"b":2.480000000000017e-7}}
{"time":"2022-09-13T15:53:45.987Z","a":"USDC","b":"WETH","price":{"v2":{"a":0.000628086,"b":1592.14},"v3":{"a":0.000627759,"b":1592.97}},"diff":{"a":3.2700000000005294e-7,"b":-0.8299999999999272}}{"time":"2022-09-13T15:53:46.122Z","a":"WETH","b":"USDT","price":{"v2":{"a":1592.67,"b":0.000627875},"v3":{"a":1593.3,"b":0.000627627}},"diff":{"a":-0.6299999999998818,"b":2.480000000000017e-7}}
{"time":"2022-09-13T15:53:46.937Z","a":"USDC","b":"WETH","price":{"v2":{"a":0.000628086,"b":1592.14},"v3":{"a":0.000627759,"b":1592.97}},"diff":{"a":3.2700000000005294e-7,"b":-0.8299999999999272}}
{"time":"2022-09-13T15:53:46.971Z","a":"WETH","b":"USDT","price":{"v2":{"a":1592.67,"b":0.000627875},"v3":{"a":1593.3,"b":0.000627627}},"diff":{"a":-0.6299999999998818,"b":2.480000000000017e-7}}
{"time":"2022-09-13T15:53:47.504Z","a":"WETH","b":"USDT","price":{"v2":{"a":1592.67,"b":0.000627875},"v3":{"a":1593.3,"b":0.000627627}},"diff":{"a":-0.6299999999998818,"b":2.480000000000017e-7}}
{"time":"2022-09-13T15:53:47.579Z","a":"DAI","b":"WETH","price":{"v2":{"a":0.000628076,"b":1592.16},"v3":{"a":0.000627605,"b":1593.36}},"diff":{"a":4.70999999999935e-7,"b":-1.199999999999818}}
{"time":"2022-09-13T15:53:47.852Z","a":"DAI","b":"WETH","price":{"v2":{"a":0.000628076,"b":1592.16},"v3":{"a":0.000627605,"b":1593.36}},"diff":{"a":4.70999999999935e-7,"b":-1.199999999999818}}
{"time":"2022-09-13T15:53:47.908Z","a":"USDC","b":"WETH","price":{"v2":{"a":0.000628086,"b":1592.14},"v3":{"a":0.000627759,"b":1592.97}},"diff":{"a":3.2700000000005294e-7,"b":-0.8299999999999272}}
{"time":"2022-09-13T15:53:47.937Z","a":"WETH","b":"USDT","price":{"v2":{"a":1592.67,"b":0.000627875},"v3":{"a":1593.3,"b":0.000627627}},"diff":{"a":-0.6299999999998818,"b":2.480000000000017e-7}}
{"time":"2022-09-13T15:53:48.282Z","a":"USDC","b":"WETH","price":{"v2":{"a":0.000628069,"b":1592.18},"v3":{"a":0.000627759,"b":1592.97}},"diff":{"a":3.100000000000021e-7,"b":-0.7899999999999636}}
{"time":"2022-09-13T15:53:48.920Z","a":"USDC","b":"WETH","price":{"v2":{"a":0.000628069,"b":1592.18},"v3":{"a":0.000627759,"b":1592.97}},"diff":{"a":3.100000000000021e-7,"b":-0.7899999999999636}}
{"time":"2022-09-13T15:53:48.965Z","a":"DAI","b":"WETH","price":{"v2":{"a":0.000628076,"b":1592.16},"v3":{"a":0.000627605,"b":1593.36}},"diff":{"a":4.70999999999935e-7,"b":-1.199999999999818}}
{"time":"2022-09-13T15:53:49.158Z","a":"WETH","b":"USDT","price":{"v2":{"a":1592.67,"b":0.000627875},"v3":{"a":1593.3,"b":0.000627627}},"diff":{"a":-0.6299999999998818,"b":2.480000000000017e-7}}
{"time":"2022-09-13T15:53:49.947Z","a":"DAI","b":"WETH","price":{"v2":{"a":0.000628076,"b":1592.16},"v3":{"a":0.000627605,"b":1593.36}},"diff":{"a":4.70999999999935e-7,"b":-1.199999999999818}}
{"time":"2022-09-13T15:53:49.960Z","a":"WETH","b":"USDT","price":{"v2":{"a":1592.67,"b":0.000627875},"v3":{"a":1593.3,"b":0.000627627}},"diff":{"a":-0.6299999999998818,"b":2.480000000000017e-7}}
{"time":"2022-09-13T15:53:50.002Z","a":"USDC","b":"WETH","price":{"v2":{"a":0.000628069,"b":1592.18},"v3":{"a":0.000627759,"b":1592.97}},"diff":{"a":3.100000000000021e-7,"b":-0.7899999999999636}}
{"time":"2022-09-13T15:53:50.099Z","a":"WETH","b":"USDT","price":{"v2":{"a":1592.67,"b":0.000627875},"v3":{"a":1593.3,"b":0.000627627}},"diff":{"a":-0.6299999999998818,"b":2.480000000000017e-7}}
{"time":"2022-09-13T15:53:50.892Z","a":"DAI","b":"WETH","price":{"v2":{"a":0.000628076,"b":1592.16},"v3":{"a":0.000627605,"b":1593.36}},"diff":{"a":4.70999999999935e-7,"b":-1.199999999999818}}
{"time":"2022-09-13T15:53:51.035Z","a":"USDC","b":"WETH","price":{"v2":{"a":0.000628069,"b":1592.18},"v3":{"a":0.000627759,"b":1592.97}},"diff":{"a":3.100000000000021e-7,"b":-0.7899999999999636}}
{"time":"2022-09-13T15:53:51.081Z","a":"WETH","b":"USDT","price":{"v2":{"a":1592.67,"b":0.000627875},"v3":{"a":1593.3,"b":0.000627627}},"diff":{"a":-0.6299999999998818,"b":2.480000000000017e-7}}{"time":"2022-09-13T15:53:51.164Z","a":"USDC","b":"WETH","price":{"v2":{"a":0.000628069,"b":1592.18},"v3":{"a":0.000627759,"b":1592.97}},"diff":{"a":3.100000000000021e-7,"b":-0.7899999999999636}}
{"time":"2022-09-13T15:53:51.649Z","a":"DAI","b":"WETH","price":{"v2":{"a":0.000628076,"b":1592.16},"v3":{"a":0.000627605,"b":1593.36}},"diff":{"a":4.70999999999935e-7,"b":-1.199999999999818}}
{"time":"2022-09-13T15:53:52.051Z","a":"USDC","b":"WETH","price":{"v2":{"a":0.000628069,"b":1592.18},"v3":{"a":0.000627759,"b":1592.97}},"diff":{"a":3.100000000000021e-7,"b":-0.7899999999999636}}
{"time":"2022-09-13T15:53:52.068Z","a":"WETH","b":"USDT","price":{"v2":{"a":1592.67,"b":0.000627875},"v3":{"a":1593.3,"b":0.000627627}},"diff":{"a":-0.6299999999998818,"b":2.480000000000017e-7}}
{"time":"2022-09-13T15:53:52.120Z","a":"DAI","b":"WETH","price":{"v2":{"a":0.000628076,"b":1592.16},"v3":{"a":0.000627605,"b":1593.36}},"diff":{"a":4.70999999999935e-7,"b":-1.199999999999818}}
{"time":"2022-09-13T15:53:52.366Z","a":"WETH","b":"USDT","price":{"v2":{"a":1592.67,"b":0.000627875},"v3":{"a":1593.3,"b":0.000627627}},"diff":{"a":-0.6299999999998818,"b":2.480000000000017e-7}}
{"time":"2022-09-13T15:53:53.191Z","a":"USDC","b":"WETH","price":{"v2":{"a":0.000628069,"b":1592.18},"v3":{"a":0.000627759,"b":1592.97}},"diff":{"a":3.100000000000021e-7,"b":-0.7899999999999636}}
{"time":"2022-09-13T15:53:53.199Z","a":"WETH","b":"USDT","price":{"v2":{"a":1592.67,"b":0.000627875},"v3":{"a":1593.3,"b":0.000627627}},"diff":{"a":-0.6299999999998818,"b":2.480000000000017e-7}}
{"time":"2022-09-13T15:53:53.486Z","a":"WETH","b":"USDT","price":{"v2":{"a":1592.67,"b":0.000627875},"v3":{"a":1593.3,"b":0.000627627}},"diff":{"a":-0.6299999999998818,"b":2.480000000000017e-7}}
{"time":"2022-09-13T15:53:53.671Z","a":"DAI","b":"WETH","price":{"v2":{"a":0.000628076,"b":1592.16},"v3":{"a":0.000627605,"b":1593.36}},"diff":{"a":4.70999999999935e-7,"b":-1.199999999999818}}
{"time":"2022-09-13T15:53:54.120Z","a":"WETH","b":"USDT","price":{"v2":{"a":1592.67,"b":0.000627875},"v3":{"a":1593.3,"b":0.000627627}},"diff":{"a":-0.6299999999998818,"b":2.480000000000017e-7}}
{"time":"2022-09-13T15:53:54.175Z","a":"DAI","b":"WETH","price":{"v2":{"a":0.000628076,"b":1592.16},"v3":{"a":0.000627605,"b":1593.36}},"diff":{"a":4.70999999999935e-7,"b":-1.199999999999818}}
{"time":"2022-09-13T15:53:54.536Z","a":"WETH","b":"USDT","price":{"v2":{"a":1592.67,"b":0.000627875},"v3":{"a":1593.3,"b":0.000627627}},"diff":{"a":-0.6299999999998818,"b":2.480000000000017e-7}}
{"time":"2022-09-13T15:53:54.711Z","a":"DAI","b":"WETH","price":{"v2":{"a":0.000628076,"b":1592.16},"v3":{"a":0.000627605,"b":1593.36}},"diff":{"a":4.70999999999935e-7,"b":-1.199999999999818}}
{"time":"2022-09-13T15:53:54.742Z","a":"USDC","b":"WETH","price":{"v2":{"a":0.000628069,"b":1592.18},"v3":{"a":0.000627759,"b":1592.97}},"diff":{"a":3.100000000000021e-7,"b":-0.7899999999999636}}
{"time":"2022-09-13T15:53:54.968Z","a":"WETH","b":"USDT","price":{"v2":{"a":1592.67,"b":0.000627875},"v3":{"a":1593.3,"b":0.000627627}},"diff":{"a":-0.6299999999998818,"b":2.480000000000017e-7}}
{"time":"2022-09-13T15:53:55.192Z","a":"USDC","b":"WETH","price":{"v2":{"a":0.000628069,"b":1592.18},"v3":{"a":0.000627759,"b":1592.97}},"diff":{"a":3.100000000000021e-7,"b":-0.7899999999999636}}
{"time":"2022-09-13T15:53:55.993Z","a":"DAI","b":"WETH","price":{"v2":{"a":0.000628076,"b":1592.16},"v3":{"a":0.000627605,"b":1593.36}},"diff":{"a":4.70999999999935e-7,"b":-1.199999999999818}}{"time":"2022-09-13T15:53:56.080Z","a":"WETH","b":"USDT","price":{"v2":{"a":1592.67,"b":0.000627875},"v3":{"a":1593.3,"b":0.000627627}},"diff":{"a":-0.6299999999998818,"b":2.480000000000017e-7}}
{"time":"2022-09-13T15:53:56.724Z","a":"USDC","b":"WETH","price":{"v2":{"a":0.000628069,"b":1592.18},"v3":{"a":0.000627759,"b":1592.97}},"diff":{"a":3.100000000000021e-7,"b":-0.7899999999999636}}
{"time":"2022-09-13T15:53:56.888Z","a":"DAI","b":"WETH","price":{"v2":{"a":0.000628076,"b":1592.16},"v3":{"a":0.000627605,"b":1593.36}},"diff":{"a":4.70999999999935e-7,"b":-1.199999999999818}}
{"time":"2022-09-13T15:53:57.104Z","a":"WETH","b":"USDT","price":{"v2":{"a":1592.67,"b":0.000627875},"v3":{"a":1593.3,"b":0.000627627}},"diff":{"a":-0.6299999999998818,"b":2.480000000000017e-7}}
{"time":"2022-09-13T15:53:57.246Z","a":"USDC","b":"WETH","price":{"v2":{"a":0.000628069,"b":1592.18},"v3":{"a":0.000627759,"b":1592.97}},"diff":{"a":3.100000000000021e-7,"b":-0.7899999999999636}}
{"time":"2022-09-13T15:53:57.363Z","a":"WETH","b":"USDT","price":{"v2":{"a":1592.67,"b":0.000627875},"v3":{"a":1593.3,"b":0.000627627}},"diff":{"a":-0.6299999999998818,"b":2.480000000000017e-7}}
{"time":"2022-09-13T15:53:57.858Z","a":"DAI","b":"WETH","price":{"v2":{"a":0.000628076,"b":1592.16},"v3":{"a":0.000627605,"b":1593.36}},"diff":{"a":4.70999999999935e-7,"b":-1.199999999999818}}
{"time":"2022-09-13T15:53:57.952Z","a":"DAI","b":"WETH","price":{"v2":{"a":0.000628076,"b":1592.16},"v3":{"a":0.000627605,"b":1593.36}},"diff":{"a":4.70999999999935e-7,"b":-1.199999999999818}}
{"time":"2022-09-13T15:53:57.978Z","a":"WETH","b":"USDT","price":{"v2":{"a":1592.67,"b":0.000627875},"v3":{"a":1593.3,"b":0.000627627}},"diff":{"a":-0.6299999999998818,"b":2.480000000000017e-7}}
{"time":"2022-09-13T15:53:58.889Z","a":"DAI","b":"WETH","price":{"v2":{"a":0.000628076,"b":1592.16},"v3":{"a":0.000627605,"b":1593.36}},"diff":{"a":4.70999999999935e-7,"b":-1.199999999999818}}
{"time":"2022-09-13T15:53:58.960Z","a":"WETH","b":"USDT","price":{"v2":{"a":1592.67,"b":0.000627875},"v3":{"a":1593.3,"b":0.000627627}},"diff":{"a":-0.6299999999998818,"b":2.480000000000017e-7}}
{"time":"2022-09-13T15:53:58.975Z","a":"USDC","b":"WETH","price":{"v2":{"a":0.000628069,"b":1592.18},"v3":{"a":0.000627759,"b":1592.97}},"diff":{"a":3.100000000000021e-7,"b":-0.7899999999999636}}
{"time":"2022-09-13T15:53:59.895Z","a":"USDC","b":"WETH","price":{"v2":{"a":0.000628069,"b":1592.18},"v3":{"a":0.000627759,"b":1592.97}},"diff":{"a":3.100000000000021e-7,"b":-0.7899999999999636}}
{"time":"2022-09-13T15:53:59.910Z","a":"DAI","b":"WETH","price":{"v2":{"a":0.000628076,"b":1592.16},"v3":{"a":0.000627605,"b":1593.36}},"diff":{"a":4.70999999999935e-7,"b":-1.199999999999818}}
{"time":"2022-09-13T15:53:59.955Z","a":"USDC","b":"WETH","price":{"v2":{"a":0.000628069,"b":1592.18},"v3":{"a":0.000627759,"b":1592.97}},"diff":{"a":3.100000000000021e-7,"b":-0.7899999999999636}}
{"time":"2022-09-13T15:54:00.029Z","a":"WETH","b":"USDT","price":{"v2":{"a":1592.67,"b":0.000627875},"v3":{"a":1593.3,"b":0.000627627}},"diff":{"a":-0.6299999999998818,"b":2.480000000000017e-7}}
{"time":"2022-09-13T15:54:00.876Z","a":"DAI","b":"WETH","price":{"v2":{"a":0.000628076,"b":1592.16},"v3":{"a":0.000627605,"b":1593.36}},"diff":{"a":4.70999999999935e-7,"b":-1.199999999999818}}
{"time":"2022-09-13T15:54:00.916Z","a":"USDC","b":"WETH","price":{"v2":{"a":0.000628069,"b":1592.18},"v3":{"a":0.000627759,"b":1592.97}},"diff":{"a":3.100000000000021e-7,"b":-0.7899999999999636}}
{"time":"2022-09-13T15:54:00.951Z","a":"WETH","b":"USDT","price":{"v2":{"a":1592.67,"b":0.000627875},"v3":{"a":1593.3,"b":0.000627627}},"diff":{"a":-0.6299999999998818,"b":2.480000000000017e-7}}
{"time":"2022-09-13T15:54:01.073Z","a":"WETH","b":"USDT","price":{"v2":{"a":1592.67,"b":0.000627875},"v3":{"a":1593.3,"b":0.000627627}},"diff":{"a":-0.6299999999998818,"b":2.480000000000017e-7}}
{"time":"2022-09-13T15:54:01.425Z","a":"DAI","b":"WETH","price":{"v2":{"a":0.000628076,"b":1592.16},"v3":{"a":0.000627605,"b":1593.36}},"diff":{"a":4.70999999999935e-7,"b":-1.199999999999818}}{"time":"2022-09-13T15:54:01.492Z","a":"USDC","b":"WETH","price":{"v2":{"a":0.000628069,"b":1592.18},"v3":{"a":0.000627759,"b":1592.97}},"diff":{"a":3.100000000000021e-7,"b":-0.7899999999999636}}
{"time":"2022-09-13T15:54:01.868Z","a":"DAI","b":"WETH","price":{"v2":{"a":0.000628076,"b":1592.16},"v3":{"a":0.000627605,"b":1593.36}},"diff":{"a":4.70999999999935e-7,"b":-1.199999999999818}}
{"time":"2022-09-13T15:54:01.940Z","a":"USDC","b":"WETH","price":{"v2":{"a":0.000628069,"b":1592.18},"v3":{"a":0.000627759,"b":1592.97}},"diff":{"a":3.100000000000021e-7,"b":-0.7899999999999636}}
{"time":"2022-09-13T15:54:01.969Z","a":"WETH","b":"USDT","price":{"v2":{"a":1592.67,"b":0.000627875},"v3":{"a":1593.3,"b":0.000627627}},"diff":{"a":-0.6299999999998818,"b":2.480000000000017e-7}}
{"time":"2022-09-13T15:54:02.901Z","a":"DAI","b":"WETH","price":{"v2":{"a":0.000628076,"b":1592.16},"v3":{"a":0.000627605,"b":1593.36}},"diff":{"a":4.70999999999935e-7,"b":-1.199999999999818}}
{"time":"2022-09-13T15:54:02.983Z","a":"USDC","b":"WETH","price":{"v2":{"a":0.000628069,"b":1592.18},"v3":{"a":0.000627759,"b":1592.97}},"diff":{"a":3.100000000000021e-7,"b":-0.7899999999999636}}
{"time":"2022-09-13T15:54:02.987Z","a":"WETH","b":"USDT","price":{"v2":{"a":1592.67,"b":0.000627875},"v3":{"a":1593.3,"b":0.000627627}},"diff":{"a":-0.6299999999998818,"b":2.480000000000017e-7}}
{"time":"2022-09-13T15:54:03.462Z","a":"USDC","b":"WETH","price":{"v2":{"a":0.000628069,"b":1592.18},"v3":{"a":0.000627759,"b":1592.97}},"diff":{"a":3.100000000000021e-7,"b":-0.7899999999999636}}
{"time":"2022-09-13T15:54:03.649Z","a":"DAI","b":"WETH","price":{"v2":{"a":0.000628076,"b":1592.16},"v3":{"a":0.000627605,"b":1593.36}},"diff":{"a":4.70999999999935e-7,"b":-1.199999999999818}}
{"time":"2022-09-13T15:54:03.912Z","a":"USDC","b":"WETH","price":{"v2":{"a":0.000628069,"b":1592.18},"v3":{"a":0.000627759,"b":1592.97}},"diff":{"a":3.100000000000021e-7,"b":-0.7899999999999636}}
{"time":"2022-09-13T15:54:03.966Z","a":"WETH","b":"USDT","price":{"v2":{"a":1592.67,"b":0.000627875},"v3":{"a":1593.3,"b":0.000627627}},"diff":{"a":-0.6299999999998818,"b":2.480000000000017e-7}}
{"time":"2022-09-13T15:54:03.971Z","a":"DAI","b":"WETH","price":{"v2":{"a":0.000628076,"b":1592.16},"v3":{"a":0.000627605,"b":1593.36}},"diff":{"a":4.70999999999935e-7,"b":-1.199999999999818}}
{"time":"2022-09-13T15:54:04.873Z","a":"DAI","b":"WETH","price":{"v2":{"a":0.000628076,"b":1592.16},"v3":{"a":0.000627605,"b":1593.36}},"diff":{"a":4.70999999999935e-7,"b":-1.199999999999818}}
{"time":"2022-09-13T15:54:04.918Z","a":"USDC","b":"WETH","price":{"v2":{"a":0.000628069,"b":1592.18},"v3":{"a":0.000627759,"b":1592.97}},"diff":{"a":3.100000000000021e-7,"b":-0.7899999999999636}}
{"time":"2022-09-13T15:54:04.977Z","a":"WETH","b":"USDT","price":{"v2":{"a":1592.67,"b":0.000627875},"v3":{"a":1593.3,"b":0.000627627}},"diff":{"a":-0.6299999999998818,"b":2.480000000000017e-7}}
{"time":"2022-09-13T15:54:05.473Z","a":"WETH","b":"USDT","price":{"v2":{"a":1592.67,"b":0.000627875},"v3":{"a":1593.3,"b":0.000627627}},"diff":{"a":-0.6299999999998818,"b":2.480000000000017e-7}}
{"time":"2022-09-13T15:54:05.718Z","a":"DAI","b":"WETH","price":{"v2":{"a":0.000628076,"b":1592.16},"v3":{"a":0.000627605,"b":1593.36}},"diff":{"a":4.70999999999935e-7,"b":-1.199999999999818}}
{"time":"2022-09-13T15:54:05.908Z","a":"DAI","b":"WETH","price":{"v2":{"a":0.000628076,"b":1592.16},"v3":{"a":0.000627605,"b":1593.36}},"diff":{"a":4.70999999999935e-7,"b":-1.199999999999818}}
{"time":"2022-09-13T15:54:05.942Z","a":"USDC","b":"WETH","price":{"v2":{"a":0.000628069,"b":1592.18},"v3":{"a":0.000627759,"b":1592.97}},"diff":{"a":3.100000000000021e-7,"b":-0.7899999999999636}}
{"time":"2022-09-13T15:54:05.956Z","a":"WETH","b":"USDT","price":{"v2":{"a":1592.67,"b":0.000627875},"v3":{"a":1593.3,"b":0.000627627}},"diff":{"a":-0.6299999999998818,"b":2.480000000000017e-7}}{"time":"2022-09-13T15:54:06.517Z","a":"USDC","b":"WETH","price":{"v2":{"a":0.000628069,"b":1592.18},"v3":{"a":0.000627759,"b":1592.97}},"diff":{"a":3.100000000000021e-7,"b":-0.7899999999999636}}
{"time":"2022-09-13T15:54:06.905Z","a":"DAI","b":"WETH","price":{"v2":{"a":0.000628076,"b":1592.16},"v3":{"a":0.000627605,"b":1593.36}},"diff":{"a":4.70999999999935e-7,"b":-1.199999999999818}}
{"time":"2022-09-13T15:54:06.915Z","a":"USDC","b":"WETH","price":{"v2":{"a":0.000628069,"b":1592.18},"v3":{"a":0.000627759,"b":1592.97}},"diff":{"a":3.100000000000021e-7,"b":-0.7899999999999636}}
{"time":"2022-09-13T15:54:07.050Z","a":"WETH","b":"USDT","price":{"v2":{"a":1592.67,"b":0.000627875},"v3":{"a":1593.3,"b":0.000627627}},"diff":{"a":-0.6299999999998818,"b":2.480000000000017e-7}}
{"time":"2022-09-13T15:54:07.480Z","a":"DAI","b":"WETH","price":{"v2":{"a":0.000628076,"b":1592.16},"v3":{"a":0.000627605,"b":1593.36}},"diff":{"a":4.70999999999935e-7,"b":-1.199999999999818}}
{"time":"2022-09-13T15:54:07.869Z","a":"DAI","b":"WETH","price":{"v2":{"a":0.000628076,"b":1592.16},"v3":{"a":0.000627605,"b":1593.36}},"diff":{"a":4.70999999999935e-7,"b":-1.199999999999818}}
{"time":"2022-09-13T15:54:07.945Z","a":"USDC","b":"WETH","price":{"v2":{"a":0.000628069,"b":1592.18},"v3":{"a":0.000627759,"b":1592.97}},"diff":{"a":3.100000000000021e-7,"b":-0.7899999999999636}}
{"time":"2022-09-13T15:54:07.996Z","a":"WETH","b":"USDT","price":{"v2":{"a":1592.67,"b":0.000627875},"v3":{"a":1593.3,"b":0.000627627}},"diff":{"a":-0.6299999999998818,"b":2.480000000000017e-7}}
{"time":"2022-09-13T15:54:08.880Z","a":"DAI","b":"WETH","price":{"v2":{"a":0.000628076,"b":1592.16},"v3":{"a":0.000627605,"b":1593.36}},"diff":{"a":4.70999999999935e-7,"b":-1.199999999999818}}
{"time":"2022-09-13T15:54:08.924Z","a":"USDC","b":"WETH","price":{"v2":{"a":0.000628069,"b":1592.18},"v3":{"a":0.000627759,"b":1592.97}},"diff":{"a":3.100000000000021e-7,"b":-0.7899999999999636}}
{"time":"2022-09-13T15:54:08.948Z","a":"WETH","b":"USDT","price":{"v2":{"a":1592.67,"b":0.000627875},"v3":{"a":1593.3,"b":0.000627627}},"diff":{"a":-0.6299999999998818,"b":2.480000000000017e-7}}
{"time":"2022-09-13T15:54:09.888Z","a":"DAI","b":"WETH","price":{"v2":{"a":0.000628076,"b":1592.16},"v3":{"a":0.000627605,"b":1593.36}},"diff":{"a":4.70999999999935e-7,"b":-1.199999999999818}}
{"time":"2022-09-13T15:54:09.916Z","a":"USDC","b":"WETH","price":{"v2":{"a":0.000628069,"b":1592.18},"v3":{"a":0.000627759,"b":1592.97}},"diff":{"a":3.100000000000021e-7,"b":-0.7899999999999636}}
{"time":"2022-09-13T15:54:10.023Z","a":"WETH","b":"USDT","price":{"v2":{"a":1592.67,"b":0.000627875},"v3":{"a":1593.3,"b":0.000627627}},"diff":{"a":-0.6299999999998818,"b":2.480000000000017e-7}}
{"time":"2022-09-13T15:54:10.048Z","a":"WETH","b":"USDT","price":{"v2":{"a":1592.67,"b":0.000627875},"v3":{"a":1593.3,"b":0.000627627}},"diff":{"a":-0.6299999999998818,"b":2.480000000000017e-7}}
{"time":"2022-09-13T15:54:10.217Z","a":"USDC","b":"WETH","price":{"v2":{"a":0.000628069,"b":1592.18},"v3":{"a":0.000627759,"b":1592.97}},"diff":{"a":3.100000000000021e-7,"b":-0.7899999999999636}}
{"time":"2022-09-13T15:54:10.717Z","a":"DAI","b":"WETH","price":{"v2":{"a":0.000628076,"b":1592.16},"v3":{"a":0.000627605,"b":1593.36}},"diff":{"a":4.70999999999935e-7,"b":-1.199999999999818}}
{"time":"2022-09-13T15:54:10.896Z","a":"DAI","b":"WETH","price":{"v2":{"a":0.000628076,"b":1592.16},"v3":{"a":0.000627605,"b":1593.36}},"diff":{"a":4.70999999999935e-7,"b":-1.199999999999818}}
{"time":"2022-09-13T15:54:10.961Z","a":"USDC","b":"WETH","price":{"v2":{"a":0.000628069,"b":1592.18},"v3":{"a":0.000627759,"b":1592.97}},"diff":{"a":3.100000000000021e-7,"b":-0.7899999999999636}}
{"time":"2022-09-13T15:54:10.981Z","a":"WETH","b":"USDT","price":{"v2":{"a":1592.67,"b":0.000627875},"v3":{"a":1593.3,"b":0.000627627}},"diff":{"a":-0.6299999999998818,"b":2.480000000000017e-7}}
{"time":"2022-09-13T15:54:11.892Z","a":"DAI","b":"WETH","price":{"v2":{"a":0.000628076,"b":1592.16},"v3":{"a":0.000627605,"b":1593.36}},"diff":{"a":4.70999999999935e-7,"b":-1.199999999999818}}
{"time":"2022-09-13T15:54:11.928Z","a":"USDC","b":"WETH","price":{"v2":{"a":0.000628069,"b":1592.18},"v3":{"a":0.000627759,"b":1592.97}},"diff":{"a":3.100000000000021e-7,"b":-0.7899999999999636}}{"time":"2022-09-13T15:54:11.982Z","a":"WETH","b":"USDT","price":{"v2":{"a":1592.67,"b":0.000627875},"v3":{"a":1593.3,"b":0.000627627}},"diff":{"a":-0.6299999999998818,"b":2.480000000000017e-7}}
{"time":"2022-09-13T15:54:12.863Z","a":"DAI","b":"WETH","price":{"v2":{"a":0.000628076,"b":1592.16},"v3":{"a":0.000627605,"b":1593.36}},"diff":{"a":4.70999999999935e-7,"b":-1.199999999999818}}
{"time":"2022-09-13T15:54:12.952Z","a":"USDC","b":"WETH","price":{"v2":{"a":0.000628069,"b":1592.18},"v3":{"a":0.000627759,"b":1592.97}},"diff":{"a":3.100000000000021e-7,"b":-0.7899999999999636}}
{"time":"2022-09-13T15:54:12.984Z","a":"WETH","b":"USDT","price":{"v2":{"a":1592.67,"b":0.000627875},"v3":{"a":1593.3,"b":0.000627627}},"diff":{"a":-0.6299999999998818,"b":2.480000000000017e-7}}
{"time":"2022-09-13T15:54:13.084Z","a":"DAI","b":"WETH","price":{"v2":{"a":0.000628076,"b":1592.16},"v3":{"a":0.000627605,"b":1593.36}},"diff":{"a":4.70999999999935e-7,"b":-1.199999999999818}}
{"time":"2022-09-13T15:54:13.448Z","a":"WETH","b":"USDT","price":{"v2":{"a":1592.67,"b":0.000627875},"v3":{"a":1593.3,"b":0.000627627}},"diff":{"a":-0.6299999999998818,"b":2.480000000000017e-7}}
{"time":"2022-09-13T15:54:13.923Z","a":"USDC","b":"WETH","price":{"v2":{"a":0.000628069,"b":1592.18},"v3":{"a":0.000627759,"b":1592.97}},"diff":{"a":3.100000000000021e-7,"b":-0.7899999999999636}}
{"time":"2022-09-13T15:54:14.029Z","a":"WETH","b":"USDT","price":{"v2":{"a":1592.67,"b":0.000627875},"v3":{"a":1593.3,"b":0.000627627}},"diff":{"a":-0.6299999999998818,"b":2.480000000000017e-7}}
{"time":"2022-09-13T15:54:14.089Z","a":"DAI","b":"WETH","price":{"v2":{"a":0.000628076,"b":1592.16},"v3":{"a":0.000627605,"b":1593.36}},"diff":{"a":4.70999999999935e-7,"b":-1.199999999999818}}
{"time":"2022-09-13T15:54:14.377Z","a":"DAI","b":"WETH","price":{"v2":{"a":0.000628076,"b":1592.16},"v3":{"a":0.000627605,"b":1593.36}},"diff":{"a":4.70999999999935e-7,"b":-1.199999999999818}}
{"time":"2022-09-13T15:54:14.605Z","a":"USDC","b":"WETH","price":{"v2":{"a":0.000628069,"b":1592.18},"v3":{"a":0.000627759,"b":1592.97}},"diff":{"a":3.100000000000021e-7,"b":-0.7899999999999636}}
{"time":"2022-09-13T15:54:14.925Z","a":"USDC","b":"WETH","price":{"v2":{"a":0.000628069,"b":1592.18},"v3":{"a":0.000627759,"b":1592.97}},"diff":{"a":3.100000000000021e-7,"b":-0.7899999999999636}}
{"time":"2022-09-13T15:54:14.935Z","a":"DAI","b":"WETH","price":{"v2":{"a":0.000628076,"b":1592.16},"v3":{"a":0.000627605,"b":1593.36}},"diff":{"a":4.70999999999935e-7,"b":-1.199999999999818}}
{"time":"2022-09-13T15:54:15.187Z","a":"WETH","b":"USDT","price":{"v2":{"a":1592.67,"b":0.000627875},"v3":{"a":1593.3,"b":0.000627627}},"diff":{"a":-0.6299999999998818,"b":2.480000000000017e-7}}
{"time":"2022-09-13T15:54:15.819Z","a":"USDC","b":"WETH","price":{"v2":{"a":0.000628069,"b":1592.18},"v3":{"a":0.000627759,"b":1592.97}},"diff":{"a":3.100000000000021e-7,"b":-0.7899999999999636}}
{"time":"2022-09-13T15:54:15.916Z","a":"USDC","b":"WETH","price":{"v2":{"a":0.000628069,"b":1592.18},"v3":{"a":0.000627606,"b":1593.36}},"diff":{"a":4.630000000000259e-7,"b":-1.1799999999998363}}
{"time":"2022-09-13T15:54:15.965Z","a":"DAI","b":"WETH","price":{"v2":{"a":0.000628076,"b":1592.16},"v3":{"a":0.000627605,"b":1593.36}},"diff":{"a":4.70999999999935e-7,"b":-1.199999999999818}}
{"time":"2022-09-13T15:54:16.157Z","a":"WETH","b":"USDT","price":{"v2":{"a":1592.67,"b":0.000627875},"v3":{"a":1593.31,"b":0.000627626}},"diff":{"a":-0.6399999999998727,"b":2.48999999999909e-7}}
{"time":"2022-09-13T15:54:16.917Z","a":"DAI","b":"WETH","price":{"v2":{"a":0.000628076,"b":1592.16},"v3":{"a":0.000627605,"b":1593.36}},"diff":{"a":4.70999999999935e-7,"b":-1.199999999999818}}
{"time":"2022-09-13T15:54:16.933Z","a":"USDC","b":"WETH","price":{"v2":{"a":0.000628069,"b":1592.18},"v3":{"a":0.000627606,"b":1593.36}},"diff":{"a":4.630000000000259e-7,"b":-1.1799999999998363}}{"time":"2022-09-13T15:54:16.988Z","a":"WETH","b":"USDT","price":{"v2":{"a":1592.67,"b":0.000627875},"v3":{"a":1593.31,"b":0.000627626}},"diff":{"a":-0.6399999999998727,"b":2.48999999999909e-7}}
{"time":"2022-09-13T15:54:17.927Z","a":"USDC","b":"WETH","price":{"v2":{"a":0.000628069,"b":1592.18},"v3":{"a":0.000627606,"b":1593.36}},"diff":{"a":4.630000000000259e-7,"b":-1.1799999999998363}}
{"time":"2022-09-13T15:54:17.982Z","a":"WETH","b":"USDT","price":{"v2":{"a":1592.67,"b":0.000627875},"v3":{"a":1593.31,"b":0.000627626}},"diff":{"a":-0.6399999999998727,"b":2.48999999999909e-7}}
{"time":"2022-09-13T15:54:18.054Z","a":"DAI","b":"WETH","price":{"v2":{"a":0.000628076,"b":1592.16},"v3":{"a":0.000627605,"b":1593.36}},"diff":{"a":4.70999999999935e-7,"b":-1.199999999999818}}
{"time":"2022-09-13T15:54:18.728Z","a":"WETH","b":"USDT","price":{"v2":{"a":1592.71,"b":0.000627862},"v3":{"a":1593.31,"b":0.000627626}},"diff":{"a":-0.599999999999909,"b":2.3599999999992117e-7}}
{"time":"2022-09-13T15:54:18.751Z","a":"USDC","b":"WETH","price":{"v2":{"a":0.000628068,"b":1592.18},"v3":{"a":0.000627606,"b":1593.36}},"diff":{"a":4.6200000000001015e-7,"b":-1.1799999999998363}}
{"time":"2022-09-13T15:54:18.802Z","a":"DAI","b":"WETH","price":{"v2":{"a":0.000628076,"b":1592.16},"v3":{"a":0.000627605,"b":1593.36}},"diff":{"a":4.70999999999935e-7,"b":-1.199999999999818}}
{"time":"2022-09-13T15:54:18.959Z","a":"USDC","b":"WETH","price":{"v2":{"a":0.000628068,"b":1592.18},"v3":{"a":0.000627606,"b":1593.36}},"diff":{"a":4.6200000000001015e-7,"b":-1.1799999999998363}}
{"time":"2022-09-13T15:54:18.962Z","a":"WETH","b":"USDT","price":{"v2":{"a":1592.71,"b":0.000627862},"v3":{"a":1593.31,"b":0.000627626}},"diff":{"a":-0.599999999999909,"b":2.3599999999992117e-7}}
{"time":"2022-09-13T15:54:19.082Z","a":"DAI","b":"WETH","price":{"v2":{"a":0.000628076,"b":1592.16},"v3":{"a":0.000627605,"b":1593.36}},"diff":{"a":4.70999999999935e-7,"b":-1.199999999999818}}
{"time":"2022-09-13T15:54:19.909Z","a":"DAI","b":"WETH","price":{"v2":{"a":0.000628076,"b":1592.16},"v3":{"a":0.000627605,"b":1593.36}},"diff":{"a":4.70999999999935e-7,"b":-1.199999999999818}}
{"time":"2022-09-13T15:54:19.957Z","a":"USDC","b":"WETH","price":{"v2":{"a":0.000628068,"b":1592.18},"v3":{"a":0.000627606,"b":1593.36}},"diff":{"a":4.6200000000001015e-7,"b":-1.1799999999998363}}
{"time":"2022-09-13T15:54:20.053Z","a":"WETH","b":"USDT","price":{"v2":{"a":1592.71,"b":0.000627862},"v3":{"a":1593.31,"b":0.000627626}},"diff":{"a":-0.599999999999909,"b":2.3599999999992117e-7}}
{"time":"2022-09-13T15:54:20.910Z","a":"DAI","b":"WETH","price":{"v2":{"a":0.000628076,"b":1592.16},"v3":{"a":0.000627605,"b":1593.36}},"diff":{"a":4.70999999999935e-7,"b":-1.199999999999818}}
{"time":"2022-09-13T15:54:20.934Z","a":"USDC","b":"WETH","price":{"v2":{"a":0.000628068,"b":1592.18},"v3":{"a":0.000627606,"b":1593.36}},"diff":{"a":4.6200000000001015e-7,"b":-1.1799999999998363}}
{"time":"2022-09-13T15:54:20.962Z","a":"WETH","b":"USDT","price":{"v2":{"a":1592.71,"b":0.000627862},"v3":{"a":1593.31,"b":0.000627626}},"diff":{"a":-0.599999999999909,"b":2.3599999999992117e-7}}
{"time":"2022-09-13T15:54:21.896Z","a":"USDC","b":"WETH","price":{"v2":{"a":0.000628068,"b":1592.18},"v3":{"a":0.000627606,"b":1593.36}},"diff":{"a":4.6200000000001015e-7,"b":-1.1799999999998363}}
{"time":"2022-09-13T15:54:21.912Z","a":"DAI","b":"WETH","price":{"v2":{"a":0.000628076,"b":1592.16},"v3":{"a":0.000627605,"b":1593.36}},"diff":{"a":4.70999999999935e-7,"b":-1.199999999999818}}
{"time":"2022-09-13T15:54:22.006Z","a":"WETH","b":"USDT","price":{"v2":{"a":1592.71,"b":0.000627862},"v3":{"a":1593.31,"b":0.000627626}},"diff":{"a":-0.599999999999909,"b":2.3599999999992117e-7}}{"time":"2022-09-17T20:19:39.768Z","a":"USDC","b":"WETH","price":{"v2":{"a":0.000683294,"b":1463.5},"v3":{"a":0.000683699,"b":1462.63}},"diff":{"a":-4.0499999999998003e-7,"b":0.8699999999998909}}
{"time":"2022-09-17T20:19:40.750Z","a":"USDC","b":"WETH","price":{"v2":{"a":0.000683294,"b":1463.5},"v3":{"a":0.000683699,"b":1462.63}},"diff":{"a":-4.0499999999998003e-7,"b":0.8699999999998909}}
{"time":"2022-09-17T20:19:41.760Z","a":"USDC","b":"WETH","price":{"v2":{"a":0.000683294,"b":1463.5},"v3":{"a":0.000683699,"b":1462.63}},"diff":{"a":-4.0499999999998003e-7,"b":0.8699999999998909}}
{"time":"2022-09-17T20:19:42.209Z","a":"USDC","b":"WETH","price":{"v2":{"a":0.000683294,"b":1463.5},"v3":{"a":0.000683699,"b":1462.63}},"diff":{"a":-4.0499999999998003e-7,"b":0.8699999999998909}}
{"time":"2022-09-17T20:19:42.747Z","a":"DAI","b":"WETH","price":{"v2":{"a":0.000682911,"b":1464.32},"v3":{"a":0.000683887,"b":1462.23}},"diff":{"a":-9.759999999999717e-7,"b":2.089999999999918}}
{"time":"2022-09-17T20:19:42.757Z","a":"USDC","b":"WETH","price":{"v2":{"a":0.000683294,"b":1463.5},"v3":{"a":0.000683699,"b":1462.63}},"diff":{"a":-4.0499999999998003e-7,"b":0.8699999999998909}}{"time":"2022-09-17T20:19:42.783Z","a":"DAI","b":"WETH","price":{"v2":{"a":0.000682911,"b":1464.32},"v3":{"a":0.000683887,"b":1462.23}},"diff":{"a":-9.759999999999717e-7,"b":2.089999999999918}}
{"time":"2022-09-17T20:19:43.159Z","a":"WETH","b":"USDT","price":{"v2":{"a":1463.18,"b":0.000683445},"v3":{"a":1462.76,"b":0.000683641}},"diff":{"a":0.42000000000007276,"b":-1.960000000000503e-7}}
{"time":"2022-09-17T20:19:43.672Z","a":"DAI","b":"WETH","price":{"v2":{"a":0.000682911,"b":1464.32},"v3":{"a":0.000683887,"b":1462.23}},"diff":{"a":-9.759999999999717e-7,"b":2.089999999999918}}
{"time":"2022-09-17T20:19:43.773Z","a":"USDC","b":"WETH","price":{"v2":{"a":0.000683294,"b":1463.5},"v3":{"a":0.000683699,"b":1462.63}},"diff":{"a":-4.0499999999998003e-7,"b":0.8699999999998909}}
{"time":"2022-09-17T20:19:43.895Z","a":"USDC","b":"WETH","price":{"v2":{"a":0.000683294,"b":1463.5},"v3":{"a":0.000683699,"b":1462.63}},"diff":{"a":-4.0499999999998003e-7,"b":0.8699999999998909}}
{"time":"2022-09-17T20:19:44.022Z","a":"DAI","b":"WETH","price":{"v2":{"a":0.000682911,"b":1464.32},"v3":{"a":0.000683887,"b":1462.23}},"diff":{"a":-9.759999999999717e-7,"b":2.089999999999918}}
{"time":"2022-09-17T20:19:44.618Z","a":"WETH","b":"USDT","price":{"v2":{"a":1463.18,"b":0.000683445},"v3":{"a":1462.76,"b":0.000683641}},"diff":{"a":0.42000000000007276,"b":-1.960000000000503e-7}}
{"time":"2022-09-17T20:19:44.626Z","a":"USDC","b":"WETH","price":{"v2":{"a":0.000683294,"b":1463.5},"v3":{"a":0.000683699,"b":1462.63}},"diff":{"a":-4.0499999999998003e-7,"b":0.8699999999998909}}
{"time":"2022-09-17T20:19:44.632Z","a":"WETH","b":"USDT","price":{"v2":{"a":1463.18,"b":0.000683445},"v3":{"a":1462.76,"b":0.000683641}},"diff":{"a":0.42000000000007276,"b":-1.960000000000503e-7}}
{"time":"2022-09-17T20:19:44.694Z","a":"DAI","b":"WETH","price":{"v2":{"a":0.000682911,"b":1464.32},"v3":{"a":0.000683887,"b":1462.23}},"diff":{"a":-9.759999999999717e-7,"b":2.089999999999918}}
{"time":"2022-09-17T20:19:45.581Z","a":"WETH","b":"USDT","price":{"v2":{"a":1463.18,"b":0.000683445},"v3":{"a":1462.76,"b":0.000683641}},"diff":{"a":0.42000000000007276,"b":-1.960000000000503e-7}}
{"time":"2022-09-17T20:19:45.615Z","a":"WETH","b":"USDT","price":{"v2":{"a":1463.18,"b":0.000683445},"v3":{"a":1462.76,"b":0.000683641}},"diff":{"a":0.42000000000007276,"b":-1.960000000000503e-7}}
{"time":"2022-09-17T20:19:45.703Z","a":"DAI","b":"WETH","price":{"v2":{"a":0.000682911,"b":1464.32},"v3":{"a":0.000683887,"b":1462.23}},"diff":{"a":-9.759999999999717e-7,"b":2.089999999999918}}
{"time":"2022-09-17T20:19:45.755Z","a":"USDC","b":"WETH","price":{"v2":{"a":0.000683294,"b":1463.5},"v3":{"a":0.000683699,"b":1462.63}},"diff":{"a":-4.0499999999998003e-7,"b":0.8699999999998909}}
{"time":"2022-09-17T20:19:46.634Z","a":"USDC","b":"WETH","price":{"v2":{"a":0.000683294,"b":1463.5},"v3":{"a":0.000683699,"b":1462.63}},"diff":{"a":-4.0499999999998003e-7,"b":0.8699999999998909}}
{"time":"2022-09-17T20:19:46.641Z","a":"WETH","b":"USDT","price":{"v2":{"a":1463.18,"b":0.000683445},"v3":{"a":1462.76,"b":0.000683641}},"diff":{"a":0.42000000000007276,"b":-1.960000000000503e-7}}
{"time":"2022-09-17T20:19:46.670Z","a":"DAI","b":"WETH","price":{"v2":{"a":0.000682911,"b":1464.32},"v3":{"a":0.000683887,"b":1462.23}},"diff":{"a":-9.759999999999717e-7,"b":2.089999999999918}}
{"time":"2022-09-17T20:19:46.983Z","a":"DAI","b":"WETH","price":{"v2":{"a":0.000682911,"b":1464.32},"v3":{"a":0.000683887,"b":1462.23}},"diff":{"a":-9.759999999999717e-7,"b":2.089999999999918}}
{"time":"2022-09-17T20:19:47.182Z","a":"USDC","b":"WETH","price":{"v2":{"a":0.000683294,"b":1463.5},"v3":{"a":0.000683699,"b":1462.63}},"diff":{"a":-4.0499999999998003e-7,"b":0.8699999999998909}}
{"time":"2022-09-17T20:19:47.589Z","a":"WETH","b":"USDT","price":{"v2":{"a":1463.18,"b":0.000683445},"v3":{"a":1462.76,"b":0.000683641}},"diff":{"a":0.42000000000007276,"b":-1.960000000000503e-7}}
{"time":"2022-09-17T20:19:47.625Z","a":"USDC","b":"WETH","price":{"v2":{"a":0.000683294,"b":1463.5},"v3":{"a":0.000683699,"b":1462.63}},"diff":{"a":-4.0499999999998003e-7,"b":0.8699999999998909}}
{"time":"2022-09-17T20:19:47.667Z","a":"DAI","b":"WETH","price":{"v2":{"a":0.000682911,"b":1464.32},"v3":{"a":0.000683887,"b":1462.23}},"diff":{"a":-9.759999999999717e-7,"b":2.089999999999918}}